<?xml version="1.0" encoding="UTF-8"?>
<testng-results ignored="0" total="2" passed="2" failed="0" skipped="0">
  <reporter-output>
    <line>
      <![CDATA[launching browser]]>
    </line>
    <line>
      <![CDATA[waiting.....]]>
    </line>
    <line>
      <![CDATA[clicking on next button]]>
    </line>
    <line>
      <![CDATA[clicking on next button]]>
    </line>
    <line>
      <![CDATA[reading data from excel file]]>
    </line>
    <line>
      <![CDATA[handling age dropdown]]>
    </line>
    <line>
      <![CDATA[clicking on next button]]>
    </line>
    <line>
      <![CDATA[reading data from excel file]]>
    </line>
    <line>
      <![CDATA[entering pincode]]>
    </line>
    <line>
      <![CDATA[reading data from excel file]]>
    </line>
    <line>
      <![CDATA[entering mobile no]]>
    </line>
    <line>
      <![CDATA[clicking on next button]]>
    </line>
    <line>
      <![CDATA[validateBanners this test case is started]]>
    </line>
    <line>
      <![CDATA[getting plans in string]]>
    </line>
    <line>
      <![CDATA[getting banner size]]>
    </line>
    <line>
      <![CDATA[validateSortFilter this test case is started]]>
    </line>
    <line>
      <![CDATA[validating sort button]]>
    </line>
    <line>
      <![CDATA[taking screenshot]]>
    </line>
    <line>
      <![CDATA[saving file at locationC:\Users\ADMIN\eclipse-workspace\.metadata\CoverFoxTest\screenshots\validateSortFilter20240819172342.jpg]]>
    </line>
    <line>
      <![CDATA[closing browser]]>
    </line>
  </reporter-output>
  <suite started-at="2024-08-19T17:22:38 IST" name="Suite" finished-at="2024-08-19T17:23:47 IST" duration-ms="68965">
    <groups>
    </groups>
    <test started-at="2024-08-19T17:22:38 IST" name="Test" finished-at="2024-08-19T17:23:47 IST" duration-ms="68965">
      <class name="coverFoxTestPackage.TestExecutionUsingTestNg1">
        <test-method is-config="true" signature="launchBrowser()[pri:0, instance:coverFoxTestPackage.TestExecutionUsingTestNg1@7c7b252e]" started-at="2024-08-19T17:22:38 IST" name="launchBrowser" finished-at="2024-08-19T17:23:12 IST" duration-ms="33681" status="PASS">
          <reporter-output>
            <line>
              <![CDATA[launching browser]]>
            </line>
            <line>
              <![CDATA[waiting.....]]>
            </line>
          </reporter-output>
        </test-method> <!-- launchBrowser -->
        <test-method is-config="true" signature="preConditions()[pri:0, instance:coverFoxTestPackage.TestExecutionUsingTestNg1@7c7b252e]" started-at="2024-08-19T17:23:12 IST" name="preConditions" finished-at="2024-08-19T17:23:30 IST" duration-ms="18066" status="PASS">
          <reporter-output>
            <line>
              <![CDATA[clicking on next button]]>
            </line>
            <line>
              <![CDATA[clicking on next button]]>
            </line>
            <line>
              <![CDATA[reading data from excel file]]>
            </line>
            <line>
              <![CDATA[handling age dropdown]]>
            </line>
            <line>
              <![CDATA[clicking on next button]]>
            </line>
            <line>
              <![CDATA[reading data from excel file]]>
            </line>
            <line>
              <![CDATA[entering pincode]]>
            </line>
            <line>
              <![CDATA[reading data from excel file]]>
            </line>
            <line>
              <![CDATA[entering mobile no]]>
            </line>
            <line>
              <![CDATA[clicking on next button]]>
            </line>
          </reporter-output>
        </test-method> <!-- preConditions -->
        <test-method signature="validateBanners()[pri:0, instance:coverFoxTestPackage.TestExecutionUsingTestNg1@7c7b252e]" started-at="2024-08-19T17:23:30 IST" name="validateBanners" finished-at="2024-08-19T17:23:37 IST" duration-ms="7025" status="PASS">
          <reporter-output>
            <line>
              <![CDATA[validateBanners this test case is started]]>
            </line>
            <line>
              <![CDATA[getting plans in string]]>
            </line>
            <line>
              <![CDATA[getting banner size]]>
            </line>
          </reporter-output>
        </test-method> <!-- validateBanners -->
        <test-method signature="validateSortFilter()[pri:0, instance:coverFoxTestPackage.TestExecutionUsingTestNg1@7c7b252e]" started-at="2024-08-19T17:23:37 IST" name="validateSortFilter" finished-at="2024-08-19T17:23:42 IST" duration-ms="4631" status="PASS">
          <reporter-output>
            <line>
              <![CDATA[validateSortFilter this test case is started]]>
            </line>
            <line>
              <![CDATA[validating sort button]]>
            </line>
            <line>
              <![CDATA[taking screenshot]]>
            </line>
            <line>
              <![CDATA[saving file at locationC:\Users\ADMIN\eclipse-workspace\.metadata\CoverFoxTest\screenshots\validateSortFilter20240819172342.jpg]]>
            </line>
          </reporter-output>
        </test-method> <!-- validateSortFilter -->
        <test-method is-config="true" signature="closeBrowser()[pri:0, instance:coverFoxTestPackage.TestExecutionUsingTestNg1@7c7b252e]" started-at="2024-08-19T17:23:42 IST" name="closeBrowser" finished-at="2024-08-19T17:23:47 IST" duration-ms="5356" status="PASS">
          <reporter-output>
            <line>
              <![CDATA[closing browser]]>
            </line>
          </reporter-output>
        </test-method> <!-- closeBrowser -->
      </class> <!-- coverFoxTestPackage.TestExecutionUsingTestNg1 -->
    </test> <!-- Test -->
  </suite> <!-- Suite -->
</testng-results>
